0 info it worked if it ends with ok
1 verbose cli [ '/usr/local/bin/node', '/usr/local/bin/npm', 'publish' ]
2 info using npm@3.10.9
3 info using node@v6.9.2
4 verbose publish [ '.' ]
5 silly cache add args [ '.', null ]
6 verbose cache add spec .
7 silly cache add parsed spec Result {
7 silly cache add   raw: '.',
7 silly cache add   scope: null,
7 silly cache add   escapedName: null,
7 silly cache add   name: null,
7 silly cache add   rawSpec: '.',
7 silly cache add   spec: '/Users/zacharyhamm/Hacking/completer',
7 silly cache add   type: 'directory' }
8 verbose addLocalDirectory /Users/zacharyhamm/.npm/completer/0.0.1/package.tgz not in flight; packing
9 verbose correctMkdir /Users/zacharyhamm/.npm correctMkdir not in flight; initializing
10 info lifecycle completer@0.0.1~prepublish: completer@0.0.1
11 silly lifecycle completer@0.0.1~prepublish: no script for prepublish, continuing
12 verbose tar pack [ '/Users/zacharyhamm/.npm/completer/0.0.1/package.tgz',
12 verbose tar pack   '/Users/zacharyhamm/Hacking/completer' ]
13 verbose tarball /Users/zacharyhamm/.npm/completer/0.0.1/package.tgz
14 verbose folder /Users/zacharyhamm/Hacking/completer
15 verbose addLocalTarball adding from inside cache /Users/zacharyhamm/.npm/completer/0.0.1/package.tgz
16 verbose correctMkdir /Users/zacharyhamm/.npm correctMkdir not in flight; initializing
17 silly cache afterAdd completer@0.0.1
18 verbose afterAdd /Users/zacharyhamm/.npm/completer/0.0.1/package/package.json not in flight; writing
19 verbose correctMkdir /Users/zacharyhamm/.npm correctMkdir not in flight; initializing
20 verbose afterAdd /Users/zacharyhamm/.npm/completer/0.0.1/package/package.json written
21 silly publish { name: 'completer',
21 silly publish   version: '0.0.1',
21 silly publish   description: 'A trie-based autocompleter',
21 silly publish   main: 'completer.js',
21 silly publish   scripts: { test: 'echo "Error: no test specified" && exit 1' },
21 silly publish   repository: { type: 'git', url: 'git://github.com/imipolexg/completer.git' },
21 silly publish   keywords: [ 'autocomplete', 'completion' ],
21 silly publish   author: { name: 'Zachary Hamm', email: 'hamm.zachary@gmail.com' },
21 silly publish   license: 'MIT',
21 silly publish   bugs: { url: 'https://github.com/imipolexg/completer/issues' },
21 silly publish   homepage: 'https://github.com/imipolexg/completer#readme',
21 silly publish   readme: 'A ternary search trie modified to support autocompletion suggestions.\n\nIt\'s kind of like a binary search tree with lexical ordering. Best case\nO(log n) lookups, and space requirements not significantly greater than the\narray of completions itself.\n\nConstruct with an array of strings:\n\n    const Completer = require(\'completer\');\n\n    let completer = new Completer([\n        \'a\', \'aa\', \'aaab\', \'abc\', \'def\'\n    ]);\n\nThen you can get the completions for a prefix via `completer.getCompletions(prefix)`\nCompletions will be sorted in ascending lexical order.\n\nSee Sedgewick & Wayne, Algorithms, 4th edition, Section 5.2\n',
21 silly publish   readmeFilename: 'README.md',
21 silly publish   gitHead: '087f66d6dc4a9310a93d552c675e97c8113230b5',
21 silly publish   _id: 'completer@0.0.1',
21 silly publish   _shasum: '62a0d8feebc7b51759501b71a63a727358f5ee50',
21 silly publish   _from: '.' }
22 verbose getPublishConfig undefined
23 silly mapToRegistry name completer
24 silly mapToRegistry using default registry
25 silly mapToRegistry registry https://registry.npmjs.org/
26 silly mapToRegistry data Result {
26 silly mapToRegistry   raw: 'completer',
26 silly mapToRegistry   scope: null,
26 silly mapToRegistry   escapedName: 'completer',
26 silly mapToRegistry   name: 'completer',
26 silly mapToRegistry   rawSpec: '',
26 silly mapToRegistry   spec: 'latest',
26 silly mapToRegistry   type: 'tag' }
27 silly mapToRegistry uri https://registry.npmjs.org/completer
28 verbose publish registryBase https://registry.npmjs.org/
29 silly publish uploading /Users/zacharyhamm/.npm/completer/0.0.1/package.tgz
30 verbose request uri https://registry.npmjs.org/completer
31 verbose request sending authorization for write operation
32 info attempt registry request try #1 at 9:36:05 PM
33 verbose request using bearer token for auth
34 verbose request id 801a04933db028bf
35 http request PUT https://registry.npmjs.org/completer
36 http 403 https://registry.npmjs.org/completer
37 verbose headers { 'content-type': 'application/json',
37 verbose headers   'cache-control': 'max-age=300',
37 verbose headers   'content-length': '103',
37 verbose headers   'accept-ranges': 'bytes',
37 verbose headers   date: 'Thu, 02 Mar 2017 02:36:05 GMT',
37 verbose headers   via: '1.1 varnish',
37 verbose headers   connection: 'keep-alive',
37 verbose headers   'x-served-by': 'cache-ord1746-ORD',
37 verbose headers   'x-cache': 'MISS',
37 verbose headers   'x-cache-hits': '0',
37 verbose headers   'x-timer': 'S1488422165.530573,VS0,VE344',
37 verbose headers   vary: 'Accept-Encoding' }
38 verbose request invalidating /Users/zacharyhamm/.npm/registry.npmjs.org/completer on PUT
39 error publish Failed PUT 403
40 verbose stack Error: you do not have permission to publish "completer". Are you logged in as the correct user? : completer
40 verbose stack     at makeError (/usr/local/lib/node_modules/npm/node_modules/npm-registry-client/lib/request.js:302:12)
40 verbose stack     at CachingRegistryClient.<anonymous> (/usr/local/lib/node_modules/npm/node_modules/npm-registry-client/lib/request.js:290:14)
40 verbose stack     at Request._callback (/usr/local/lib/node_modules/npm/node_modules/npm-registry-client/lib/request.js:210:14)
40 verbose stack     at Request.self.callback (/usr/local/lib/node_modules/npm/node_modules/request/request.js:187:22)
40 verbose stack     at emitTwo (events.js:106:13)
40 verbose stack     at Request.emit (events.js:191:7)
40 verbose stack     at Request.<anonymous> (/usr/local/lib/node_modules/npm/node_modules/request/request.js:1048:10)
40 verbose stack     at emitOne (events.js:96:13)
40 verbose stack     at Request.emit (events.js:188:7)
40 verbose stack     at IncomingMessage.<anonymous> (/usr/local/lib/node_modules/npm/node_modules/request/request.js:969:12)
41 verbose statusCode 403
42 verbose pkgid completer
43 verbose cwd /Users/zacharyhamm/Hacking/completer
44 error Darwin 16.4.0
45 error argv "/usr/local/bin/node" "/usr/local/bin/npm" "publish"
46 error node v6.9.2
47 error npm  v3.10.9
48 error code E403
49 error you do not have permission to publish "completer". Are you logged in as the correct user? : completer
50 error If you need help, you may report this error at:
50 error     <https://github.com/npm/npm/issues>
51 verbose exit [ 1, true ]
